179
0 A Agilent Technologies ... scaricata
1 AA Alcoa ... scaricata
2 AAAP Advanced Accelerator Applications S.A ... scaricata
3 AACG ATA ... scaricata
4 AAL American Airlines Group ... scaricata
5 AAMC Altisource Asset Management Corp ... scaricata
6 AAME Atlantic American ... scaricata
7 AAN Aaron's,  ... scaricata
8 AAOI Applied Optoelectronics ... scaricata
9 AAON AAON ... scaricata
10 AAP Advance Auto Parts ... scaricata
11 AAPL Apple ... scaricata
12 AAT American Assets Trust ... scaricata
13 AAU Almaden Minerals ... scaricata
14 AAWW Atlas Air Worldwide Holdings ... scaricata
15 AAXN Axon Enterprise ... scaricata
16 AB AllianceBernstein Holding ... scaricata
17 ABB ABB ... scaricata
18 ABBV AbbVie ... scaricata
19 ABC AmerisourceBergen ... scaricata
20 ABCB Ameris Bancorp ... scaricata
21 ABEO Abeona Therapeutics ... scaricata
22 ABEV Ambev S.A ... scaricata
23 ABG Asbury Automotive ... scaricata
24 ABIO ARCA Biopharma ... scaricata
25 ABM ABM Industries ... scaricata
26 ABMD ABIOMED ... scaricata
27 ABR Arbor Realty Trust ... scaricata
28 ABT Abbott Laboratories ... scaricata
29 ABTX Allegiance Bancshares ... scaricata
30 ABUS Arbutus Biopharma ... scaricata
31 AC Associated Capital ... scaricata
32 ACA Arcosa ... scaricata
33 ACAD ACADIA Pharmaceuticals ... scaricata
34 ACB Aurora Cannabis ... scaricata
35 ACBI Atlantic Capital Bancshares ... scaricata
36 ACC American Campus Communities Inc ... scaricata
37 ACCO Acco Brands ... scaricata
38 ACEL TPG Pace Holdings ... scaricata
39 ACER Opexa Therapeutics ... scaricata
40 ACGL Arch Capital Group ... scaricata
41 ACH Aluminum Of China ... scaricata
42 ACHC Acadia Healthcare ... scaricata
43 ACHV Achieve Life Sciences ... scaricata
44 ACIA Acacia Communications ... scaricata
45 ACIU AC Immune  SA ... scaricata
46 ACIW ACI Worldwide ... scaricata
47 ACLS Axcelis Technologies ... scaricata
48 ACM AECOM ... scaricata
49 ACMR ACM Research ... scaricata
50 ACN Accenture ... scaricata
51 ACNB ACNB ... scaricata
52 ACOR Acorda Therapeutics ... scaricata
53 ACRE Ares Commercial Real Estate ... scaricata
54 ACRS Aclaris Therapeutics ... scaricata
55 ACRX AcelRx Pharmaceuticals ... scaricata
56 ACST Acasti Pharma ... scaricata
57 ACTG Acacia Research ... scaricata
58 ACTT Act II Global Acquisition ... scaricata
59 ACU Acme United ... scaricata
60 ACY AeroCentury ... scaricata
61 ADAP Adaptimmune Therapeutics ... scaricata
62 ADBE Adobe ... scaricata
63 ADC Agree Realty ... scaricata
64 ADES Advanced Emissions Solutions ... scaricata
65 ADI Analog Devices ... scaricata
66 ADIL Adial Pharmaceuticals ... scaricata
67 ADM Archer Daniels Midland ... scaricata
68 ADMA ADMA Biologics Inc ... scaricata
69 ADMP Adamis Pharmaceuticals ... scaricata
70 ADMS Adamas Pharmaceuticals ... scaricata
71 ADNT Adient ... scaricata
72 ADP ADP ... scaricata
73 ADPT Adaptive Biotechnologies ... scaricata
74 ADRO Aduro Biotech ... scaricata
75 ADS Alliance Data Systems ... scaricata
76 ADSK Autodesk ... scaricata
77 ADSW Advanced Disposal Services ... scaricata
78 ADT ADT ... scaricata
79 ADTN ADTRAN ... scaricata
80 ADUS Addus HomeCare ... scaricata
81 ADVM Adverum Biotechnologies ... scaricata
82 ADXN Addex Therapeutics ... scaricata
83 ADXS Advaxis ... scaricata
84 AE Adams Resources & Energy ... scaricata
85 AEE Ameren ... scaricata
86 AEG Aegon ... scaricata
87 AEGN Aegion ... scaricata
88 AEHR Aehr Test Systems ... scaricata
89 AEIS Advanced Energy Industries ... scaricata
90 AEL American Equity Investment Life Holding ... scaricata
91 AEM Agnico Eagle Mines ... scaricata
92 AEMD Aethlon Medical ... scaricata
93 AEO American Eagle Outfitters ... scaricata
94 AEP American Electric Power ... scaricata
95 AER Aercap Holdings ... scaricata
96 AERI Aerie Pharmaceuticals ... scaricata
97 AES AES ... scaricata
98 AESE Black Ridge Acquisition ... scaricata
99 AEY ADDvantage Technologies ... scaricata
100 AEYE Audioeye ... scaricata
101 AEZS AEterna Zentaris ... scaricata
102 AFG American Financial ... scaricata
103 AFH Atlas Financial Holdings ... scaricata
104 AFI Armstrong Flooring ... scaricata
105 AFIN American Finance Trust ... scaricata
106 AFL Aflac ... scaricata
107 AFMD Affimed ... scaricata
108 AFYA Afya ... scaricata
109 AG First Majestic Silver ... scaricata
110 AGBA AGBA Acquisition ... scaricata
111 AGCO AGCO ... scaricata
112 AGE AgeX Therapeutics ... scaricata
113 AGEN Agenus ... scaricata
114 AGFS AgroFresh Solutions ... scaricata
115 AGI Alamos Gold ... scaricata
116 AGIO Agios Pharmaceuticals ... scaricata
117 AGLE Aeglea BioTherapeutics ... scaricata
118 AGM Federal Agricultural Mortgage ... scaricata
119 AGMH AGMs ... scaricata
120 AGNC AGNC Investment ... scaricata
121 AGO Assured Guaranty ... scaricata
122 AGR Avangrid ... scaricata
123 AGRO Adecoagro S.A ... scaricata
124 AGRX Agile Therapeutics ... scaricata
125 AGS PlayAGS ... scaricata
126 AGTC Applied Genetic Technologies ... scaricata
127 AGX Argan ... scaricata
128 AGYS Agilysys ... scaricata
129 AHC A.H Belo ... scaricata
130 AHCO DFB Healthcare Acquisitions ... scaricata
131 AHH Armada Hoffler Properties ... scaricata
132 AHPI Allied Healthcare Products ... scaricata
133 AHT Ashford Hospitality Trust Inc ... scaricata
134 AI Arlington Asset Investment Corp ... scaricata
135 AIG American ... scaricata
136 AIH Aesthetic Medical Hldngs Group ... scaricata
137 AIHS Senmiao Technology ... scaricata
138 AIII Acre Realty Investors Inc ... scaricata
139 AIKI Spherix ... scaricata
140 AIM Hemispherx BioPharma ... scaricata
141 AIMC Altra Industrial Motion ... scaricata
142 AIMT Aimmune Therapeutics ... scaricata
143 AIN Albany ... scaricata
144 AINC Ashford ... scaricata
145 AINV Apollo Investment ... scaricata
146 AIR AAR ... scaricata
147 AIRG Airgain ... scaricata
148 AIRI Air Industries Group ... scaricata
149 AIRT Air T ... scaricata
150 AIT Applied Industrial Technologies ... scaricata
151 AIV Apartment Investment And Management ... scaricata
152 AIZ Assurant ... scaricata
153 AJG Arthur J Gallagher ... scaricata
154 AJRD Aerojet Rocketdyne Holdings ... scaricata
155 AJX Great Ajax ... scaricata
156 AKAM Akamai Technologies ... scaricata
157 AKBA Akebia Therapeutics ... scaricata
158 AKCA Akcea Therapeutics ... scaricata
159 AKER Akers Biosciences Inc ... scaricata
160 AKO.A Embotelladora Andina S.A ... scaricata
161 AKO.B Embotelladora Andina S.A ... scaricata
162 AKR Acadia Realty Trust ... scaricata
163 AKRO Akero Therapeutics ... scaricata
164 AKRX Akorn ... scaricata
165 AKTS Akoustis Technologies ... scaricata
166 AKTX Akari Therapeutics ... scaricata
167 AL Air Lease ... scaricata
168 ALAC Alberton Acquisition ... scaricata
169 ALB Albemarle ... scaricata
170 ALBO Albireo Pharma ... scaricata
171 ALC ALCON INC ... scaricata
172 ALCO Alico ... scaricata
173 ALDX Aldeyra Therapeutics ... scaricata
174 ALE Allete ... scaricata
175 ALEC Alector ... scaricata
176 ALEX Alexander & Baldwin Holdings ... scaricata
177 ALG Alamo ... scaricata
178 ALGN Align Technology ... scaricata
179 ALGT Allegiant Travel ... scaricata
